<?xml version="1.0" encoding="UTF-8"?>
<testsuite xmlns:xsi="http://www.w3.org/2001/XMLSchema-instance" xsi:noNamespaceSchemaLocation="https://maven.apache.org/surefire/maven-surefire-plugin/xsd/surefire-test-report-3.0.xsd" version="3.0" name="pe.edu.upc.easydrive.EasyDriveApplicationTests" time="14.683" tests="1" errors="0" skipped="0" failures="0">
  <properties>
[...]
</properties>
  <testcase name="contextLoads" classname="pe.edu.upc.easydrive.EasyDriveApplicationTests" time="0.367">
    <system-out><![CDATA[20:20:16.341 [main] INFO org.springframework.test.context.support.AnnotationConfigContextLoaderUtils -- Could not detect default configuration classes for test class [pe.edu.upc.easydrive.EasyDriveApplicationTests]: EasyDriveApplicationTests does not declare any static, non-private, non-final, nested classes annotated with @Configuration.
20:20:16.429 [main] INFO org.springframework.boot.test.context.SpringBootTestContextBootstrapper -- Found @SpringBootConfiguration pe.edu.upc.easydrive.EasyDriveApplication for test class pe.edu.upc.easydrive.EasyDriveApplicationTests
20:20:16.554 [main] INFO org.springframework.boot.devtools.restart.RestartApplicationListener -- Restart disabled due to context in which it is running

  .   ____          _            __ _ _
 /\\ / ___'_ __ _ _(_)_ __  __ _ \ \ \ \
( ( )\___ | '_ | '_| | '_ \/ _` | \ \ \ \
 \\/  ___)| |_)| | | | | || (_| |  ) ) ) )
  '  |____| .__|_| |_|_| |_\__, | / / / /
 =========|_|==============|___/=/_/_/_/

 :: Spring Boot ::                (v3.3.3)

2024-11-17T20:20:16.759-05:00  INFO 28176 --- [EasyDrive] [           main] p.e.u.e.EasyDriveApplicationTests        : Starting EasyDriveApplicationTests using Java 21.0.5 with PID 28176 (started by Brayan Flores in D:\UPC\Arquitectura de Aplicaciones Web\EasyDrive\EasyDriveBackpro)
2024-11-17T20:20:16.760-05:00  INFO 28176 --- [EasyDrive] [           main] p.e.u.e.EasyDriveApplicationTests        : No active profile set, falling back to 1 default profile: "default"
2024-11-17T20:20:17.495-05:00  INFO 28176 --- [EasyDrive] [           main] .s.d.r.c.RepositoryConfigurationDelegate : Bootstrapping Spring Data JPA repositories in DEFAULT mode.
2024-11-17T20:20:17.557-05:00  INFO 28176 --- [EasyDrive] [           main] .s.d.r.c.RepositoryConfigurationDelegate : Finished Spring Data repository scanning in 56 ms. Found 11 JPA repository interfaces.
2024-11-17T20:20:18.026-05:00  INFO 28176 --- [EasyDrive] [           main] o.hibernate.jpa.internal.util.LogHelper  : HHH000204: Processing PersistenceUnitInfo [name: default]
2024-11-17T20:20:18.068-05:00  INFO 28176 --- [EasyDrive] [           main] org.hibernate.Version                    : HHH000412: Hibernate ORM core version 6.5.2.Final
2024-11-17T20:20:18.093-05:00  INFO 28176 --- [EasyDrive] [           main] o.h.c.internal.RegionFactoryInitiator    : HHH000026: Second-level cache disabled
2024-11-17T20:20:18.359-05:00  INFO 28176 --- [EasyDrive] [           main] o.s.o.j.p.SpringPersistenceUnitInfo      : No LoadTimeWeaver setup: ignoring JPA class transformer
2024-11-17T20:20:18.381-05:00  INFO 28176 --- [EasyDrive] [           main] com.zaxxer.hikari.HikariDataSource       : HikariPool-1 - Starting...
2024-11-17T20:20:20.265-05:00  INFO 28176 --- [EasyDrive] [           main] com.zaxxer.hikari.pool.HikariPool        : HikariPool-1 - Added connection org.postgresql.jdbc.PgConnection@34eaf9c1
2024-11-17T20:20:20.266-05:00  INFO 28176 --- [EasyDrive] [           main] com.zaxxer.hikari.HikariDataSource       : HikariPool-1 - Start completed.
2024-11-17T20:20:20.457-05:00  WARN 28176 --- [EasyDrive] [           main] org.hibernate.orm.deprecation            : HHH90000025: PostgreSQLDialect does not need to be specified explicitly using 'hibernate.dialect' (remove the property setting and it will be selected by default)
2024-11-17T20:20:21.576-05:00  INFO 28176 --- [EasyDrive] [           main] o.h.e.t.j.p.i.JtaPlatformInitiator       : HHH000489: No JTA platform available (set 'hibernate.transaction.jta.platform' to enable JTA platform integration)
2024-11-17T20:20:28.989-05:00  INFO 28176 --- [EasyDrive] [           main] j.LocalContainerEntityManagerFactoryBean : Initialized JPA EntityManagerFactory for persistence unit 'default'
2024-11-17T20:20:29.232-05:00  INFO 28176 --- [EasyDrive] [           main] o.s.d.j.r.query.QueryEnhancerFactory     : Hibernate is in classpath; If applicable, HQL parser will be used.
2024-11-17T20:20:29.717-05:00  WARN 28176 --- [EasyDrive] [           main] JpaBaseConfiguration$JpaWebConfiguration : spring.jpa.open-in-view is enabled by default. Therefore, database queries may be performed during view rendering. Explicitly configure spring.jpa.open-in-view to disable this warning
2024-11-17T20:20:29.863-05:00  WARN 28176 --- [EasyDrive] [           main] r$InitializeUserDetailsManagerConfigurer : Global AuthenticationManager configured with an AuthenticationProvider bean. UserDetailsService beans will not be used for username/password login. Consider removing the AuthenticationProvider bean. Alternatively, consider using the UserDetailsService in a manually instantiated DaoAuthenticationProvider.
2024-11-17T20:20:30.031-05:00  INFO 28176 --- [EasyDrive] [           main] o.s.b.a.w.s.WelcomePageHandlerMapping    : Adding welcome page: class path resource [static/index.html]
2024-11-17T20:20:30.506-05:00  INFO 28176 --- [EasyDrive] [           main] p.e.u.e.EasyDriveApplicationTests        : Started EasyDriveApplicationTests in 13.961 seconds (process running for 14.744)
]]></system-out>
    <system-err><![CDATA[WARNING: A Java agent has been loaded dynamically (C:\Users\Brayan Flores\.m2\repository\net\bytebuddy\byte-buddy-agent\1.14.19\byte-buddy-agent-1.14.19.jar)
WARNING: If a serviceability tool is in use, please run with -XX:+EnableDynamicAgentLoading to hide this warning
WARNING: If a serviceability tool is not in use, please run with -Djdk.instrument.traceUsage for more information
WARNING: Dynamic loading of agents will be disallowed by default in a future release
]]></system-err>
  </testcase>
</testsuite>